<?xml version="1.0" encoding="UTF-8"?>
<!-- Generated by org.testng.reporters.JUnitXMLReporter -->
<testsuite hostname="HIBAML55118" failures="0" tests="9" name="Usecase1" time="0.047" errors="0" timestamp="12 Nov 2019 15:48:09 GMT">
  <testcase classname="com.qa.test.DemoTest" name="mul" time="0.022"/>
  <testcase classname="com.qa.test.DemoTest" name="sub" time="0.0"/>
  <testcase classname="com.qa.test.DemoTest" name="sum" time="0.0"/>
  <testcase classname="com.qa.test.DemoTest1" name="mul" time="0.001"/>
  <testcase classname="com.qa.test.DemoTest1" name="sub" time="0.001"/>
  <testcase classname="com.qa.test.DemoTest1" name="sum" time="0.002"/>
  <testcase classname="com.qa.test.DemoTest2" name="mul" time="0.001"/>
  <testcase classname="com.qa.test.DemoTest2" name="sub" time="0.0"/>
  <testcase classname="com.qa.test.DemoTest2" name="sum" time="0.0"/>
</testsuite> <!-- Usecase1 -->
