<?xml version="1.0" encoding="UTF-8"?>
<testng-results total="9" passed="9" failed="0" skipped="0">
  <reporter-output>
  </reporter-output>
  <suite started-at="2019-11-12T15:48:08Z" name="Suite" finished-at="2019-11-12T15:48:08Z" duration-ms="47">
    <groups>
    </groups>
    <test started-at="2019-11-12T15:48:08Z" name="Usecase1" finished-at="2019-11-12T15:48:08Z" duration-ms="47">
      <class name="com.qa.test.DemoTest">
        <test-method signature="mul()[pri:0, instance:com.qa.test.DemoTest@24a35978]" started-at="2019-11-12T21:18:08Z" name="mul" finished-at="2019-11-12T21:18:08Z" duration-ms="22" status="PASS">
          <reporter-output>
          </reporter-output>
        </test-method> <!-- mul -->
        <test-method signature="sub()[pri:0, instance:com.qa.test.DemoTest@24a35978]" started-at="2019-11-12T21:18:08Z" name="sub" finished-at="2019-11-12T21:18:08Z" duration-ms="0" status="PASS">
          <reporter-output>
          </reporter-output>
        </test-method> <!-- sub -->
        <test-method signature="sum()[pri:0, instance:com.qa.test.DemoTest@24a35978]" started-at="2019-11-12T21:18:08Z" name="sum" finished-at="2019-11-12T21:18:08Z" duration-ms="0" status="PASS">
          <reporter-output>
          </reporter-output>
        </test-method> <!-- sum -->
      </class> <!-- com.qa.test.DemoTest -->
      <class name="com.qa.test.DemoTest1">
        <test-method signature="mul()[pri:0, instance:com.qa.test.DemoTest1@587c290d]" started-at="2019-11-12T21:18:08Z" name="mul" finished-at="2019-11-12T21:18:08Z" duration-ms="1" status="PASS">
          <reporter-output>
          </reporter-output>
        </test-method> <!-- mul -->
        <test-method signature="sub()[pri:0, instance:com.qa.test.DemoTest1@587c290d]" started-at="2019-11-12T21:18:08Z" name="sub" finished-at="2019-11-12T21:18:08Z" duration-ms="1" status="PASS">
          <reporter-output>
          </reporter-output>
        </test-method> <!-- sub -->
        <test-method signature="sum()[pri:0, instance:com.qa.test.DemoTest1@587c290d]" started-at="2019-11-12T21:18:08Z" name="sum" finished-at="2019-11-12T21:18:08Z" duration-ms="2" status="PASS">
          <reporter-output>
          </reporter-output>
        </test-method> <!-- sum -->
      </class> <!-- com.qa.test.DemoTest1 -->
      <class name="com.qa.test.DemoTest2">
        <test-method signature="mul()[pri:0, instance:com.qa.test.DemoTest2@5d11346a]" started-at="2019-11-12T21:18:08Z" name="mul" finished-at="2019-11-12T21:18:08Z" duration-ms="1" status="PASS">
          <reporter-output>
          </reporter-output>
        </test-method> <!-- mul -->
        <test-method signature="sub()[pri:0, instance:com.qa.test.DemoTest2@5d11346a]" started-at="2019-11-12T21:18:08Z" name="sub" finished-at="2019-11-12T21:18:08Z" duration-ms="0" status="PASS">
          <reporter-output>
          </reporter-output>
        </test-method> <!-- sub -->
        <test-method signature="sum()[pri:0, instance:com.qa.test.DemoTest2@5d11346a]" started-at="2019-11-12T21:18:08Z" name="sum" finished-at="2019-11-12T21:18:08Z" duration-ms="0" status="PASS">
          <reporter-output>
          </reporter-output>
        </test-method> <!-- sum -->
      </class> <!-- com.qa.test.DemoTest2 -->
    </test> <!-- Usecase1 -->
  </suite> <!-- Suite -->
</testng-results>
