<?xml version="1.0" encoding="UTF-8" ?>
<testsuite tests="9" failures="0" name="TestSuite" time="0.026" errors="0" skipped="0">
  <properties>
[...]
</properties>
  <testcase classname="com.qa.test.DemoTest" name="mul" time="0.023"/>
  <testcase classname="com.qa.test.DemoTest" name="sub" time="0"/>
  <testcase classname="com.qa.test.DemoTest" name="sum" time="0"/>
  <testcase classname="com.qa.test.DemoTest1" name="mul" time="0"/>
  <testcase classname="com.qa.test.DemoTest1" name="sub" time="0.001"/>
  <testcase classname="com.qa.test.DemoTest1" name="sum" time="0.001"/>
  <testcase classname="com.qa.test.DemoTest2" name="mul" time="0"/>
  <testcase classname="com.qa.test.DemoTest2" name="sub" time="0"/>
  <testcase classname="com.qa.test.DemoTest2" name="sum" time="0.001"/>
</testsuite>