<?xml version="1.0" encoding="UTF-8"?>
<testng-results total="3" passed="3" failed="0" skipped="0">
  <reporter-output>
  </reporter-output>
  <suite started-at="2019-11-10T13:10:29Z" name="Default suite" finished-at="2019-11-10T13:10:29Z" duration-ms="56">
    <groups>
    </groups>
    <test started-at="2019-11-10T13:10:29Z" name="Default test" finished-at="2019-11-10T13:10:29Z" duration-ms="56">
      <class name="com.qa.test.DemoTest1">
        <test-method signature="mul()[pri:0, instance:com.qa.test.DemoTest1@145eaa29]" started-at="2019-11-10T18:40:29Z" name="mul" finished-at="2019-11-10T18:40:29Z" duration-ms="16" status="PASS">
          <reporter-output>
          </reporter-output>
        </test-method> <!-- mul -->
        <test-method signature="sub()[pri:0, instance:com.qa.test.DemoTest1@145eaa29]" started-at="2019-11-10T18:40:29Z" name="sub" finished-at="2019-11-10T18:40:29Z" duration-ms="3" status="PASS">
          <reporter-output>
          </reporter-output>
        </test-method> <!-- sub -->
        <test-method signature="sum()[pri:0, instance:com.qa.test.DemoTest1@145eaa29]" started-at="2019-11-10T18:40:29Z" name="sum" finished-at="2019-11-10T18:40:29Z" duration-ms="5" status="PASS">
          <reporter-output>
          </reporter-output>
        </test-method> <!-- sum -->
      </class> <!-- com.qa.test.DemoTest1 -->
    </test> <!-- Default test -->
  </suite> <!-- Default suite -->
</testng-results>
